android.211002.1916/app/build/intermediates/manifest_merge_blame_file/release/manifest-merger-blame-release-report.txt
1<?xml version="1.0" encoding="utf-8"?>
2<manifest xmlns:android="http://schemas.android.com/apk/res/android"
3    package="org.rewebster.Virgel"
4    android:versionCode="2"
5    android:versionName="2.0" >
6
7    <uses-sdk
7-->src/main/AndroidManifest.xml:3:5-73
8        android:minSdkVersion="17"
8-->src/main/AndroidManifest.xml:3:15-41
9        android:targetSdkVersion="30" />
9-->src/main/AndroidManifest.xml:3:42-71
10
11    <application
11-->src/main/AndroidManifest.xml:4:5-11:19
12        android:appComponentFactory="androidx.core.app.CoreComponentFactory"
12-->[androidx.core:core:1.3.0] AndroidManifest.xml:24:18-86
13        android:icon="@mipmap/ic_launcher"
13-->src/main/AndroidManifest.xml:4:18-52
14        android:label="virgel2" >
14-->src/main/AndroidManifest.xml:4:53-76
15        <activity
15-->src/main/AndroidManifest.xml:5:9-10:20
16            android:name="processing.test.virgel2.MainActivity"
16-->src/main/AndroidManifest.xml:5:19-47
17            android:theme="@style/Theme.AppCompat.Light.NoActionBar.FullScreen" >
17-->src/main/AndroidManifest.xml:5:48-115
18            <intent-filter>
18-->src/main/AndroidManifest.xml:6:13-9:29
19                <action android:name="android.intent.action.MAIN" />
19-->src/main/AndroidManifest.xml:7:17-68
19-->src/main/AndroidManifest.xml:7:25-66
20
21                <category android:name="android.intent.category.LAUNCHER" />
21-->src/main/AndroidManifest.xml:8:17-76
21-->src/main/AndroidManifest.xml:8:27-74
22            </intent-filter>
23        </activity>
24    </application>
25
26</manifest>